<?xml version="1.0" encoding="UTF-8"?>
<!-- Generated by org.testng.reporters.JUnitXMLReporter -->
<testsuite hostname="MunishPC" ignored="0" name="Basic Test" tests="2" failures="1" timestamp="17 Dec 2018 17:37:46 GMT" time="8.338" errors="0">
  <testcase name="getTitle" time="0.049" classname="da11.Guru99">
    <failure type="java.lang.AssertionError" message="expected [Guru99 Bank Home Page 1] but found [Guru99 Bank Home Page]">
      <![CDATA[java.lang.AssertionError: expected [Guru99 Bank Home Page 1] but found [Guru99 Bank Home Page]
at da11.Guru99.getTitle(Guru99.java:36)
... Removed 31 stack frames]]>
    </failure>
  </testcase> <!-- getTitle -->
  <testcase name="logIn" time="1.09" classname="da11.Guru99"/>
</testsuite> <!-- Basic Test -->
